-------------------------------------------------------------------------------
Test set: TestSuite
-------------------------------------------------------------------------------
Tests run: 33, Failures: 1, Errors: 0, Skipped: 32, Time elapsed: 0.613 s <<< FAILURE! - in TestSuite
base.BaseTest.setUp  Time elapsed: 0.363 s  <<< FAILURE!
org.testng.TestNGException: 

Parameter 'url' is required by BeforeTest on method setUp but has not been marked @Optional or defined


