<?xml version="1.0" encoding="UTF-8"?>
<testsuite xmlns:xsi="http://www.w3.org/2001/XMLSchema-instance" xsi:noNamespaceSchemaLocation="https://maven.apache.org/surefire/maven-surefire-plugin/xsd/surefire-test-report-3.0.xsd" version="3.0" name="TestSuite" time="0.613" tests="33" errors="0" skipped="32" failures="1">
  <properties>
[...]
</properties>
  <testcase name="setUp" classname="base.BaseTest" time="0.363">
    <failure message="&#10;Parameter &apos;url&apos; is required by BeforeTest on method setUp but has not been marked @Optional or defined&#10;" type="org.testng.TestNGException"><![CDATA[org.testng.TestNGException: 

Parameter 'url' is required by BeforeTest on method setUp but has not been marked @Optional or defined

]]></failure>
    <system-out><![CDATA[BS - connectWithDB
BS - connectWithAPI
]]></system-out>
    <system-err><![CDATA[SLF4J(W): No SLF4J providers were found.
SLF4J(W): Defaulting to no-operation (NOP) logger implementation
SLF4J(W): See https://www.slf4j.org/codes.html#noProviders for further details.
]]></system-err>
  </testcase>
  <testcase name="tearDown" classname="base.BaseTest" time="0">
    <skipped/>
  </testcase>
  <testcase name="createUser" classname="mytests.TestNGFeatures" time="0">
    <skipped/>
  </testcase>
  <testcase name="openBrowser" classname="mytests.TestNGFeatures" time="0">
    <skipped/>
  </testcase>
  <testcase name="loginToApp" classname="mytests.TestNGFeatures" time="0">
    <skipped/>
  </testcase>
  <testcase name="loginToApp" classname="mytests.TestNGFeatures" time="0">
    <skipped/>
  </testcase>
  <testcase name="loginToApp" classname="mytests.TestNGFeatures" time="0">
    <skipped/>
  </testcase>
  <testcase name="cartTest" classname="mytests.TestNGFeatures" time="0">
    <skipped message="&#10;Parameter &apos;url&apos; is required by BeforeTest on method setUp but has not been marked @Optional or defined&#10;"/>
  </testcase>
  <testcase name="logout" classname="mytests.TestNGFeatures" time="0">
    <skipped/>
  </testcase>
  <testcase name="logout" classname="mytests.TestNGFeatures" time="0">
    <skipped/>
  </testcase>
  <testcase name="logout" classname="mytests.TestNGFeatures" time="0">
    <skipped/>
  </testcase>
  <testcase name="paymentTest" classname="mytests.TestNGFeatures" time="0">
    <skipped message="&#10;Parameter &apos;url&apos; is required by BeforeTest on method setUp but has not been marked @Optional or defined&#10;"/>
  </testcase>
  <testcase name="searchTest" classname="mytests.TestNGFeatures" time="0">
    <skipped message="&#10;Parameter &apos;url&apos; is required by BeforeTest on method setUp but has not been marked @Optional or defined&#10;"/>
  </testcase>
  <testcase name="closeBrowser" classname="mytests.TestNGFeatures" time="0">
    <skipped/>
  </testcase>
  <testcase name="deleteUser" classname="mytests.TestNGFeatures" time="0">
    <skipped/>
  </testcase>
  <testcase name="disconnectWithDB" classname="mytests.TestNGFeatures" time="0">
    <skipped/>
  </testcase>
  <testcase name="searchTest" classname="mytests.PriorityTest" time="0">
    <skipped message="&#10;Parameter &apos;url&apos; is required by BeforeTest on method setUp but has not been marked @Optional or defined&#10;"/>
  </testcase>
  <testcase name="paymentTest" classname="mytests.PriorityTest" time="0">
    <skipped message="&#10;Parameter &apos;url&apos; is required by BeforeTest on method setUp but has not been marked @Optional or defined&#10;"/>
  </testcase>
  <testcase name="cartTest" classname="mytests.PriorityTest" time="0">
    <skipped message="&#10;Parameter &apos;url&apos; is required by BeforeTest on method setUp but has not been marked @Optional or defined&#10;"/>
  </testcase>
  <testcase name="aTest" classname="mytests.PriorityTest" time="0">
    <skipped message="&#10;Parameter &apos;url&apos; is required by BeforeTest on method setUp but has not been marked @Optional or defined&#10;"/>
  </testcase>
  <testcase name="bTest" classname="mytests.PriorityTest" time="0">
    <skipped message="&#10;Parameter &apos;url&apos; is required by BeforeTest on method setUp but has not been marked @Optional or defined&#10;"/>
  </testcase>
  <testcase name="cTest" classname="mytests.PriorityTest" time="0">
    <skipped message="&#10;Parameter &apos;url&apos; is required by BeforeTest on method setUp but has not been marked @Optional or defined&#10;"/>
  </testcase>
  <testcase name="pageTitleTest" classname="UITests.GoogleTest" time="0">
    <skipped message="&#10;Parameter &apos;url&apos; is required by BeforeTest on method setUp but has not been marked @Optional or defined&#10;"/>
  </testcase>
  <testcase name="pageURLTest" classname="UITests.GoogleTest" time="0">
    <skipped message="&#10;Parameter &apos;url&apos; is required by BeforeTest on method setUp but has not been marked @Optional or defined&#10;"/>
  </testcase>
  <testcase name="pageTitleTest" classname="UITests.LoginTest" time="0">
    <skipped message="&#10;Parameter &apos;url&apos; is required by BeforeTest on method setUp but has not been marked @Optional or defined&#10;"/>
  </testcase>
  <testcase name="pageURLTest" classname="UITests.LoginTest" time="0">
    <skipped message="&#10;Parameter &apos;url&apos; is required by BeforeTest on method setUp but has not been marked @Optional or defined&#10;"/>
  </testcase>
  <testcase name="pageLogoTest" classname="UITests.LoginTest" time="0">
    <skipped message="&#10;Parameter &apos;url&apos; is required by BeforeTest on method setUp but has not been marked @Optional or defined&#10;"/>
  </testcase>
  <testcase name="searchTest[macbook, MacBook Pro](1)" classname="UITests.OpenCartLoginPageTest" time="0">
    <skipped message="&#10;Parameter &apos;url&apos; is required by BeforeTest on method setUp but has not been marked @Optional or defined&#10;"/>
  </testcase>
  <testcase name="searchTest[imac, iMac](2)" classname="UITests.OpenCartLoginPageTest" time="0">
    <skipped message="&#10;Parameter &apos;url&apos; is required by BeforeTest on method setUp but has not been marked @Optional or defined&#10;"/>
  </testcase>
  <testcase name="searchTest[samsung, Samsung Galaxy Tab 10.1](3)" classname="UITests.OpenCartLoginPageTest" time="0">
    <skipped message="&#10;Parameter &apos;url&apos; is required by BeforeTest on method setUp but has not been marked @Optional or defined&#10;"/>
  </testcase>
  <testcase name="searchTest[samsung, Samsung SyncMaster 941BW](4)" classname="UITests.OpenCartLoginPageTest" time="0">
    <skipped message="&#10;Parameter &apos;url&apos; is required by BeforeTest on method setUp but has not been marked @Optional or defined&#10;"/>
  </testcase>
  <testcase name="pageTitleTest" classname="UITests.OrangeHRMTest" time="0">
    <skipped message="&#10;Parameter &apos;url&apos; is required by BeforeTest on method setUp but has not been marked @Optional or defined&#10;"/>
  </testcase>
  <testcase name="pageURLTest" classname="UITests.OrangeHRMTest" time="0">
    <skipped message="&#10;Parameter &apos;url&apos; is required by BeforeTest on method setUp but has not been marked @Optional or defined&#10;"/>
  </testcase>
</testsuite>