<?xml version="1.0" encoding="UTF-8"?>
<testng-results ignored="0" total="4" passed="4" failed="0" skipped="0">
  <reporter-output>
  </reporter-output>
  <suite started-at="2025-12-17T21:57:47 IST" name="Surefire suite" finished-at="2025-12-17T21:58:03 IST" duration-ms="15899">
    <groups>
    </groups>
    <test started-at="2025-12-17T21:57:47 IST" name="Surefire test" finished-at="2025-12-17T21:58:03 IST" duration-ms="15899">
      <class name="UITests.OpenCartLoginPageTest">
        <test-method is-config="true" signature="setUp(java.lang.String,java.lang.String)[pri:0, instance:UITests.OpenCartLoginPageTest@2b6faea6]" started-at="2025-12-17T21:57:47 IST" name="setUp" finished-at="2025-12-17T21:57:54 IST" duration-ms="6754" status="PASS">
          <params>
            <param index="0">
              <value>
                <![CDATA[https://naveenautomationlabs.com/opencart/index.php?route=account/login]]>
              </value>
            </param>
            <param index="1">
              <value>
                <![CDATA[chrome]]>
              </value>
            </param>
          </params>
          <reporter-output>
          </reporter-output>
        </test-method> <!-- setUp -->
        <test-method signature="searchTest(java.lang.String,java.lang.String)[pri:0, instance:UITests.OpenCartLoginPageTest@2b6faea6]" started-at="2025-12-17T21:57:54 IST" name="searchTest" data-provider="getSearchData" finished-at="2025-12-17T21:57:55 IST" duration-ms="1221" status="PASS">
          <params>
            <param index="0">
              <value>
                <![CDATA[macbook]]>
              </value>
            </param>
            <param index="1">
              <value>
                <![CDATA[MacBook Pro]]>
              </value>
            </param>
          </params>
          <reporter-output>
          </reporter-output>
        </test-method> <!-- searchTest -->
        <test-method signature="searchTest(java.lang.String,java.lang.String)[pri:0, instance:UITests.OpenCartLoginPageTest@2b6faea6]" started-at="2025-12-17T21:57:55 IST" name="searchTest" data-provider="getSearchData" finished-at="2025-12-17T21:57:58 IST" duration-ms="3297" status="PASS">
          <params>
            <param index="0">
              <value>
                <![CDATA[imac]]>
              </value>
            </param>
            <param index="1">
              <value>
                <![CDATA[iMac]]>
              </value>
            </param>
          </params>
          <reporter-output>
          </reporter-output>
        </test-method> <!-- searchTest -->
        <test-method signature="searchTest(java.lang.String,java.lang.String)[pri:0, instance:UITests.OpenCartLoginPageTest@2b6faea6]" started-at="2025-12-17T21:57:58 IST" name="searchTest" data-provider="getSearchData" finished-at="2025-12-17T21:58:01 IST" duration-ms="2727" status="PASS">
          <params>
            <param index="0">
              <value>
                <![CDATA[samsung]]>
              </value>
            </param>
            <param index="1">
              <value>
                <![CDATA[Samsung Galaxy Tab 10.1]]>
              </value>
            </param>
          </params>
          <reporter-output>
          </reporter-output>
        </test-method> <!-- searchTest -->
        <test-method signature="searchTest(java.lang.String,java.lang.String)[pri:0, instance:UITests.OpenCartLoginPageTest@2b6faea6]" started-at="2025-12-17T21:58:01 IST" name="searchTest" data-provider="getSearchData" finished-at="2025-12-17T21:58:02 IST" duration-ms="1624" status="PASS">
          <params>
            <param index="0">
              <value>
                <![CDATA[samsung]]>
              </value>
            </param>
            <param index="1">
              <value>
                <![CDATA[Samsung SyncMaster 941BW]]>
              </value>
            </param>
          </params>
          <reporter-output>
          </reporter-output>
        </test-method> <!-- searchTest -->
        <test-method is-config="true" signature="tearDown()[pri:0, instance:UITests.OpenCartLoginPageTest@2b6faea6]" started-at="2025-12-17T21:58:02 IST" name="tearDown" finished-at="2025-12-17T21:58:03 IST" duration-ms="222" status="PASS">
          <reporter-output>
          </reporter-output>
        </test-method> <!-- tearDown -->
      </class> <!-- UITests.OpenCartLoginPageTest -->
    </test> <!-- Surefire test -->
  </suite> <!-- Surefire suite -->
</testng-results>
