<?xml version="1.0" encoding="UTF-8"?>
<!-- Generated by org.testng.reporters.JUnitReportReporter -->
<testsuite hostname="MamaBapa" failures="0" tests="3" name="mytests.TestNGFeatures" time="0.000" errors="0" timestamp="2025-12-17T21:54:09 IST" skipped="3">
  <testcase classname="mytests.TestNGFeatures" name="paymentTest" time="0.000">
    <skipped/>
  </testcase> <!-- paymentTest -->
  <testcase classname="mytests.TestNGFeatures" name="cartTest" time="0.000">
    <skipped/>
  </testcase> <!-- cartTest -->
  <testcase classname="mytests.TestNGFeatures" name="searchTest" time="0.000">
    <skipped/>
  </testcase> <!-- searchTest -->
</testsuite> <!-- mytests.TestNGFeatures -->
