<?xml version="1.0" encoding="UTF-8"?>
<!-- Generated by org.testng.reporters.JUnitReportReporter -->
<testsuite hostname="MamaBapa" failures="0" tests="3" name="UITests.LoginTest" time="0.000" errors="0" timestamp="2025-12-17T21:54:09 IST" skipped="3">
  <testcase classname="UITests.LoginTest" name="pageTitleTest" time="0.000">
    <skipped/>
  </testcase> <!-- pageTitleTest -->
  <testcase classname="UITests.LoginTest" name="pageURLTest" time="0.000">
    <skipped/>
  </testcase> <!-- pageURLTest -->
  <testcase classname="UITests.LoginTest" name="pageLogoTest" time="0.000">
    <skipped/>
  </testcase> <!-- pageLogoTest -->
</testsuite> <!-- UITests.LoginTest -->
