<?xml version="1.0" encoding="UTF-8"?>
<!-- Generated by org.testng.reporters.JUnitReportReporter -->
<testsuite hostname="MamaBapa" failures="0" tests="4" name="UITests.OpenCartLoginPageTest" time="8.869" errors="0" timestamp="2025-12-17T21:58:03 IST" skipped="0">
  <testcase classname="UITests.OpenCartLoginPageTest" name="searchTest" time="3.297"/>
  <testcase classname="UITests.OpenCartLoginPageTest" name="searchTest" time="2.727"/>
  <testcase classname="UITests.OpenCartLoginPageTest" name="searchTest" time="1.221"/>
  <testcase classname="UITests.OpenCartLoginPageTest" name="searchTest" time="1.624"/>
</testsuite> <!-- UITests.OpenCartLoginPageTest -->
