<?xml version="1.0" encoding="UTF-8"?>
<!-- Generated by org.testng.reporters.JUnitReportReporter -->
<testsuite hostname="MamaBapa" failures="0" tests="2" name="UITests.GoogleTest" time="0.000" errors="0" timestamp="2025-12-17T21:54:09 IST" skipped="2">
  <testcase classname="UITests.GoogleTest" name="pageTitleTest" time="0.000">
    <skipped/>
  </testcase> <!-- pageTitleTest -->
  <testcase classname="UITests.GoogleTest" name="pageURLTest" time="0.000">
    <skipped/>
  </testcase> <!-- pageURLTest -->
</testsuite> <!-- UITests.GoogleTest -->
