<?xml version="1.0" encoding="UTF-8"?>
<!-- Generated by org.testng.reporters.JUnitReportReporter -->
<testsuite hostname="MamaBapa" failures="0" tests="6" name="mytests.PriorityTest" time="0.001" errors="0" timestamp="2025-12-17T21:54:09 IST" skipped="6">
  <testcase classname="mytests.PriorityTest" name="searchTest" time="0.000">
    <skipped/>
  </testcase> <!-- searchTest -->
  <testcase classname="mytests.PriorityTest" name="paymentTest" time="0.000">
    <skipped/>
  </testcase> <!-- paymentTest -->
  <testcase classname="mytests.PriorityTest" name="cartTest" time="0.000">
    <skipped/>
  </testcase> <!-- cartTest -->
  <testcase classname="mytests.PriorityTest" name="aTest" time="0.000">
    <skipped/>
  </testcase> <!-- aTest -->
  <testcase classname="mytests.PriorityTest" name="bTest" time="0.001">
    <skipped/>
  </testcase> <!-- bTest -->
  <testcase classname="mytests.PriorityTest" name="cTest" time="0.000">
    <skipped/>
  </testcase> <!-- cTest -->
</testsuite> <!-- mytests.PriorityTest -->
