<?xml version="1.0" encoding="UTF-8"?>
<!-- Generated by org.testng.reporters.JUnitReportReporter -->
<testsuite hostname="MamaBapa" failures="0" tests="20" name="mytests.InvocationCountConcept" time="0.013" errors="0" timestamp="2025-12-10T17:43:17 IST" skipped="0">
  <testcase classname="mytests.InvocationCountConcept" name="paymentTest" time="0.000"/>
  <testcase classname="mytests.InvocationCountConcept" name="paymentTest" time="0.000"/>
  <testcase classname="mytests.InvocationCountConcept" name="paymentTest" time="0.000"/>
  <testcase classname="mytests.InvocationCountConcept" name="paymentTest" time="0.000"/>
  <testcase classname="mytests.InvocationCountConcept" name="paymentTest" time="0.000"/>
  <testcase classname="mytests.InvocationCountConcept" name="paymentTest" time="0.000"/>
  <testcase classname="mytests.InvocationCountConcept" name="paymentTest" time="0.010"/>
  <testcase classname="mytests.InvocationCountConcept" name="paymentTest" time="0.000"/>
  <testcase classname="mytests.InvocationCountConcept" name="paymentTest" time="0.000"/>
  <testcase classname="mytests.InvocationCountConcept" name="paymentTest" time="0.000"/>
  <testcase classname="mytests.InvocationCountConcept" name="cartTest" time="0.001"/>
  <testcase classname="mytests.InvocationCountConcept" name="cartTest" time="0.000"/>
  <testcase classname="mytests.InvocationCountConcept" name="cartTest" time="0.000"/>
  <testcase classname="mytests.InvocationCountConcept" name="cartTest" time="0.001"/>
  <testcase classname="mytests.InvocationCountConcept" name="cartTest" time="0.000"/>
  <testcase classname="mytests.InvocationCountConcept" name="cartTest" time="0.000"/>
  <testcase classname="mytests.InvocationCountConcept" name="cartTest" time="0.000"/>
  <testcase classname="mytests.InvocationCountConcept" name="cartTest" time="0.000"/>
  <testcase classname="mytests.InvocationCountConcept" name="cartTest" time="0.001"/>
  <testcase classname="mytests.InvocationCountConcept" name="cartTest" time="0.000"/>
</testsuite> <!-- mytests.InvocationCountConcept -->
